<?xml version="1.0" encoding="UTF-8"?>
<!-- Generated by org.testng.reporters.JUnitXMLReporter -->
<testsuite ignored="0" hostname="schougu5-PC" failures="0" tests="4" name="Test" time="146.134" errors="0" timestamp="2024-09-02T16:12:31 IST">
  <testcase classname="com.SeleTutorialsNinja.qa.testcases.Login" name="LoginUsingDataProvider" time="0.031"/>
  <testcase classname="com.SeleTutorialsNinja.qa.testcases.Login" name="LoginUsingDataProvider" time="0.005"/>
  <testcase classname="com.SeleTutorialsNinja.qa.testcases.Login" name="LoginUsingDataProvider" time="0.005"/>
  <testcase classname="com.SeleTutorialsNinja.qa.testcases.Login" name="VerifyLoginWithValidCredentials" time="3.946"/>
</testsuite> <!-- Test -->
